<?xml version="1.0" encoding="UTF-8"?>
<TestRun id="74173ca8-c502-4987-984d-44e4ff0304f4" name="JHI9@IN01LAP81144 2019-10-25 11:05:46" runUser="ES-AREA1\JHI9" xmlns="http://microsoft.com/schemas/VisualStudio/TeamTest/2010">
  <TestSettings name="Default Test Settings" id="5a02072a-cbb7-4d5f-a254-dbb3ab3d31fe">
    <Execution>
      <TestTypeSpecific />
      <AgentRule name="Execution Agents">
      </AgentRule>
    </Execution>
    <Deployment runDeploymentRoot="JHI9_IN01LAP81144 2019-10-25 11_05_46" />
    <Properties />
  </TestSettings>
  <Times creation="2019-10-25T11:05:46.0611068+05:30" queuing="2019-10-25T11:05:46.8563902+05:30" start="2019-10-25T11:05:46.9581171+05:30" finish="2019-10-25T11:05:47.6270259+05:30" />
  <ResultSummary outcome="Failed">
    <Counters total="9" executed="9" passed="8" error="0" failed="1" timeout="0" aborted="0" inconclusive="0" passedButRunAborted="0" notRunnable="0" notExecuted="0" disconnected="0" warning="0" completed="0" inProgress="0" pending="0" />
  </ResultSummary>
  <TestDefinitions>
    <UnitTest name="Team_LessThanTwoPlayers_CurrentPlayersWillNull" storage="c:\users\jhi9\documents\visual studio 2015\projects\matchpredictor\matchpredictor.tests\bin\debug\matchpredictor.tests.dll" id="9892a0a4-dd45-c3e8-dd9b-cab987511e46">
      <Execution id="e06006d2-13d3-4ed0-938a-60e1bd8911b0" />
      <TestMethod codeBase="C:/Users/jhi9/Documents/Visual Studio 2015/Projects/MatchPredictor/MatchPredictor.Tests/bin/Debug/MatchPredictor.Tests.DLL" adapterTypeName="Microsoft.VisualStudio.TestTools.TestTypes.Unit.UnitTestAdapter, Microsoft.VisualStudio.QualityTools.Tips.UnitTest.Adapter, Version=14.0.0.0, Culture=neutral, PublicKeyToken=b03f5f7f11d50a3a" className="MatchPredictor.Tests.Models.TeamTests, MatchPredictor.Tests, Version=1.0.0.0, Culture=neutral, PublicKeyToken=null" name="Team_LessThanTwoPlayers_CurrentPlayersWillNull" />
    </UnitTest>
    <UnitTest name="GetBallResult_ForThePlayer_ReturnsUpdatesBallsPlayedCorrectly" storage="c:\users\jhi9\documents\visual studio 2015\projects\matchpredictor\matchpredictor.tests\bin\debug\matchpredictor.tests.dll" id="029f9857-7696-6705-07f3-2fb2151eaeda">
      <Execution id="95b8bc45-c714-467a-a551-a979c5e8fd4f" />
      <TestMethod codeBase="C:/Users/jhi9/Documents/Visual Studio 2015/Projects/MatchPredictor/MatchPredictor.Tests/bin/Debug/MatchPredictor.Tests.DLL" adapterTypeName="Microsoft.VisualStudio.TestTools.TestTypes.Unit.UnitTestAdapter, Microsoft.VisualStudio.QualityTools.Tips.UnitTest.Adapter, Version=14.0.0.0, Culture=neutral, PublicKeyToken=b03f5f7f11d50a3a" className="MatchPredictor.Tests.Models.PlayerTests, MatchPredictor.Tests, Version=1.0.0.0, Culture=neutral, PublicKeyToken=null" name="GetBallResult_ForThePlayer_ReturnsUpdatesBallsPlayedCorrectly" />
    </UnitTest>
    <UnitTest name="UpdatePlayers_ScoredEvenRuns_StrikeNotChanged" storage="c:\users\jhi9\documents\visual studio 2015\projects\matchpredictor\matchpredictor.tests\bin\debug\matchpredictor.tests.dll" id="d01342ed-5783-dd02-4ec5-a458951d8179">
      <Execution id="c849a703-677c-45bc-aa9d-83d19759afde" />
      <TestMethod codeBase="C:/Users/jhi9/Documents/Visual Studio 2015/Projects/MatchPredictor/MatchPredictor.Tests/bin/Debug/MatchPredictor.Tests.DLL" adapterTypeName="Microsoft.VisualStudio.TestTools.TestTypes.Unit.UnitTestAdapter, Microsoft.VisualStudio.QualityTools.Tips.UnitTest.Adapter, Version=14.0.0.0, Culture=neutral, PublicKeyToken=b03f5f7f11d50a3a" className="MatchPredictor.Tests.Models.TeamTests, MatchPredictor.Tests, Version=1.0.0.0, Culture=neutral, PublicKeyToken=null" name="UpdatePlayers_ScoredEvenRuns_StrikeNotChanged" />
    </UnitTest>
    <UnitTest name="Team_MoreThanOrEqualToTwoPlayers_OnlyTwoPlayersWillBePlaying" storage="c:\users\jhi9\documents\visual studio 2015\projects\matchpredictor\matchpredictor.tests\bin\debug\matchpredictor.tests.dll" id="ed395f28-d3af-858e-53aa-29de5dc0fce8">
      <Execution id="d8401262-46e4-4819-9065-48aafa802398" />
      <TestMethod codeBase="C:/Users/jhi9/Documents/Visual Studio 2015/Projects/MatchPredictor/MatchPredictor.Tests/bin/Debug/MatchPredictor.Tests.DLL" adapterTypeName="Microsoft.VisualStudio.TestTools.TestTypes.Unit.UnitTestAdapter, Microsoft.VisualStudio.QualityTools.Tips.UnitTest.Adapter, Version=14.0.0.0, Culture=neutral, PublicKeyToken=b03f5f7f11d50a3a" className="MatchPredictor.Tests.Models.TeamTests, MatchPredictor.Tests, Version=1.0.0.0, Culture=neutral, PublicKeyToken=null" name="Team_MoreThanOrEqualToTwoPlayers_OnlyTwoPlayersWillBePlaying" />
    </UnitTest>
    <UnitTest name="UpdatePlayers_ScoredOddRuns_StrikeChangedTest" storage="c:\users\jhi9\documents\visual studio 2015\projects\matchpredictor\matchpredictor.tests\bin\debug\matchpredictor.tests.dll" id="dfdd65ab-caa4-177c-9e97-5246f19f7579">
      <Execution id="17b8ab2e-0cdb-4661-b4d1-8016da6e3a48" />
      <TestMethod codeBase="C:/Users/jhi9/Documents/Visual Studio 2015/Projects/MatchPredictor/MatchPredictor.Tests/bin/Debug/MatchPredictor.Tests.DLL" adapterTypeName="Microsoft.VisualStudio.TestTools.TestTypes.Unit.UnitTestAdapter, Microsoft.VisualStudio.QualityTools.Tips.UnitTest.Adapter, Version=14.0.0.0, Culture=neutral, PublicKeyToken=b03f5f7f11d50a3a" className="MatchPredictor.Tests.Models.PlayerTests, MatchPredictor.Tests, Version=1.0.0.0, Culture=neutral, PublicKeyToken=null" name="UpdatePlayers_ScoredOddRuns_StrikeChangedTest" />
    </UnitTest>
    <UnitTest name="UpdatePlayers_ScoredOddRuns_StrikeChanged" storage="c:\users\jhi9\documents\visual studio 2015\projects\matchpredictor\matchpredictor.tests\bin\debug\matchpredictor.tests.dll" id="2e20a0d7-d9e9-3a2a-ffbd-2bf77ff456f0">
      <Execution id="e655a5b1-d45e-48fc-92a8-a304dce76876" />
      <TestMethod codeBase="C:/Users/jhi9/Documents/Visual Studio 2015/Projects/MatchPredictor/MatchPredictor.Tests/bin/Debug/MatchPredictor.Tests.DLL" adapterTypeName="Microsoft.VisualStudio.TestTools.TestTypes.Unit.UnitTestAdapter, Microsoft.VisualStudio.QualityTools.Tips.UnitTest.Adapter, Version=14.0.0.0, Culture=neutral, PublicKeyToken=b03f5f7f11d50a3a" className="MatchPredictor.Tests.Models.TeamTests, MatchPredictor.Tests, Version=1.0.0.0, Culture=neutral, PublicKeyToken=null" name="UpdatePlayers_ScoredOddRuns_StrikeChanged" />
    </UnitTest>
    <UnitTest name="UpdatePlayers_WhenOut_PlayerShouldBeRemoved" storage="c:\users\jhi9\documents\visual studio 2015\projects\matchpredictor\matchpredictor.tests\bin\debug\matchpredictor.tests.dll" id="961717d5-1df5-571c-442e-da1c04069104">
      <Execution id="6e70e614-9ef2-4f3f-a3a6-7a974ae7823f" />
      <TestMethod codeBase="C:/Users/jhi9/Documents/Visual Studio 2015/Projects/MatchPredictor/MatchPredictor.Tests/bin/Debug/MatchPredictor.Tests.DLL" adapterTypeName="Microsoft.VisualStudio.TestTools.TestTypes.Unit.UnitTestAdapter, Microsoft.VisualStudio.QualityTools.Tips.UnitTest.Adapter, Version=14.0.0.0, Culture=neutral, PublicKeyToken=b03f5f7f11d50a3a" className="MatchPredictor.Tests.Models.TeamTests, MatchPredictor.Tests, Version=1.0.0.0, Culture=neutral, PublicKeyToken=null" name="UpdatePlayers_WhenOut_PlayerShouldBeRemoved" />
    </UnitTest>
    <UnitTest name="Player_ForGivenProbability_CalculatesCummulativeSum" storage="c:\users\jhi9\documents\visual studio 2015\projects\matchpredictor\matchpredictor.tests\bin\debug\matchpredictor.tests.dll" id="7eeefa12-2ec0-8a8b-f688-017064126955">
      <Execution id="1cefb365-dfc9-44c4-a159-ee56ba35fb35" />
      <TestMethod codeBase="C:/Users/jhi9/Documents/Visual Studio 2015/Projects/MatchPredictor/MatchPredictor.Tests/bin/Debug/MatchPredictor.Tests.DLL" adapterTypeName="Microsoft.VisualStudio.TestTools.TestTypes.Unit.UnitTestAdapter, Microsoft.VisualStudio.QualityTools.Tips.UnitTest.Adapter, Version=14.0.0.0, Culture=neutral, PublicKeyToken=b03f5f7f11d50a3a" className="MatchPredictor.Tests.Models.PlayerTests, MatchPredictor.Tests, Version=1.0.0.0, Culture=neutral, PublicKeyToken=null" name="Player_ForGivenProbability_CalculatesCummulativeSum" />
    </UnitTest>
    <UnitTest name="RotateStrike_OnScoringOddRuns_StrikeChanged" storage="c:\users\jhi9\documents\visual studio 2015\projects\matchpredictor\matchpredictor.tests\bin\debug\matchpredictor.tests.dll" id="9f76153e-6fb6-c12a-d005-5410b35f1b9e">
      <Execution id="d2305bcb-8415-4015-b4e8-feb661faf1a9" />
      <TestMethod codeBase="C:/Users/jhi9/Documents/Visual Studio 2015/Projects/MatchPredictor/MatchPredictor.Tests/bin/Debug/MatchPredictor.Tests.DLL" adapterTypeName="Microsoft.VisualStudio.TestTools.TestTypes.Unit.UnitTestAdapter, Microsoft.VisualStudio.QualityTools.Tips.UnitTest.Adapter, Version=14.0.0.0, Culture=neutral, PublicKeyToken=b03f5f7f11d50a3a" className="MatchPredictor.Tests.Models.TeamTests, MatchPredictor.Tests, Version=1.0.0.0, Culture=neutral, PublicKeyToken=null" name="RotateStrike_OnScoringOddRuns_StrikeChanged" />
    </UnitTest>
  </TestDefinitions>
  <TestLists>
    <TestList name="Results Not in a List" id="8c84fa94-04c1-424b-9868-57a2d4851a1d" />
    <TestList name="All Loaded Results" id="19431567-8539-422a-85d7-44ee4e166bda" />
  </TestLists>
  <TestEntries>
    <TestEntry testId="029f9857-7696-6705-07f3-2fb2151eaeda" executionId="95b8bc45-c714-467a-a551-a979c5e8fd4f" testListId="8c84fa94-04c1-424b-9868-57a2d4851a1d" />
    <TestEntry testId="7eeefa12-2ec0-8a8b-f688-017064126955" executionId="1cefb365-dfc9-44c4-a159-ee56ba35fb35" testListId="8c84fa94-04c1-424b-9868-57a2d4851a1d" />
    <TestEntry testId="dfdd65ab-caa4-177c-9e97-5246f19f7579" executionId="17b8ab2e-0cdb-4661-b4d1-8016da6e3a48" testListId="8c84fa94-04c1-424b-9868-57a2d4851a1d" />
    <TestEntry testId="9f76153e-6fb6-c12a-d005-5410b35f1b9e" executionId="d2305bcb-8415-4015-b4e8-feb661faf1a9" testListId="8c84fa94-04c1-424b-9868-57a2d4851a1d" />
    <TestEntry testId="9892a0a4-dd45-c3e8-dd9b-cab987511e46" executionId="e06006d2-13d3-4ed0-938a-60e1bd8911b0" testListId="8c84fa94-04c1-424b-9868-57a2d4851a1d" />
    <TestEntry testId="ed395f28-d3af-858e-53aa-29de5dc0fce8" executionId="d8401262-46e4-4819-9065-48aafa802398" testListId="8c84fa94-04c1-424b-9868-57a2d4851a1d" />
    <TestEntry testId="d01342ed-5783-dd02-4ec5-a458951d8179" executionId="c849a703-677c-45bc-aa9d-83d19759afde" testListId="8c84fa94-04c1-424b-9868-57a2d4851a1d" />
    <TestEntry testId="2e20a0d7-d9e9-3a2a-ffbd-2bf77ff456f0" executionId="e655a5b1-d45e-48fc-92a8-a304dce76876" testListId="8c84fa94-04c1-424b-9868-57a2d4851a1d" />
    <TestEntry testId="961717d5-1df5-571c-442e-da1c04069104" executionId="6e70e614-9ef2-4f3f-a3a6-7a974ae7823f" testListId="8c84fa94-04c1-424b-9868-57a2d4851a1d" />
  </TestEntries>
  <Results>
    <UnitTestResult executionId="95b8bc45-c714-467a-a551-a979c5e8fd4f" testId="029f9857-7696-6705-07f3-2fb2151eaeda" testName="GetBallResult_ForThePlayer_ReturnsUpdatesBallsPlayedCorrectly" computerName="IN01LAP81144" duration="00:00:00.0474193" startTime="2019-10-25T11:05:46.9910995+05:30" endTime="2019-10-25T11:05:47.4958887+05:30" testType="13cdc9d9-ddb5-4fa4-a97d-d965ccfc6d4b" outcome="Failed" testListId="8c84fa94-04c1-424b-9868-57a2d4851a1d" relativeResultsDirectory="95b8bc45-c714-467a-a551-a979c5e8fd4f">
      <Output>
        <ErrorInfo>
          <Message>Assert.AreEqual failed. Expected:&lt;2&gt;. Actual:&lt;1&gt;. </Message>
          <StackTrace>   at MatchPredictor.Tests.Models.PlayerTests.GetBallResult_ForThePlayer_ReturnsUpdatesBallsPlayedCorrectly() in C:\Users\jhi9\Documents\Visual Studio 2015\Projects\MatchPredictor\MatchPredictor.Tests\Models\PlayerTests.cs:line 26
</StackTrace>
        </ErrorInfo>
      </Output>
    </UnitTestResult>
    <UnitTestResult executionId="1cefb365-dfc9-44c4-a159-ee56ba35fb35" testId="7eeefa12-2ec0-8a8b-f688-017064126955" testName="Player_ForGivenProbability_CalculatesCummulativeSum" computerName="IN01LAP81144" duration="00:00:00.0003964" startTime="2019-10-25T11:05:47.4988791+05:30" endTime="2019-10-25T11:05:47.5018728+05:30" testType="13cdc9d9-ddb5-4fa4-a97d-d965ccfc6d4b" outcome="Passed" testListId="8c84fa94-04c1-424b-9868-57a2d4851a1d" relativeResultsDirectory="1cefb365-dfc9-44c4-a159-ee56ba35fb35">
    </UnitTestResult>
    <UnitTestResult executionId="17b8ab2e-0cdb-4661-b4d1-8016da6e3a48" testId="dfdd65ab-caa4-177c-9e97-5246f19f7579" testName="UpdatePlayers_ScoredOddRuns_StrikeChangedTest" computerName="IN01LAP81144" duration="00:00:00.0001652" startTime="2019-10-25T11:05:47.5039851+05:30" endTime="2019-10-25T11:05:47.5068583+05:30" testType="13cdc9d9-ddb5-4fa4-a97d-d965ccfc6d4b" outcome="Passed" testListId="8c84fa94-04c1-424b-9868-57a2d4851a1d" relativeResultsDirectory="17b8ab2e-0cdb-4661-b4d1-8016da6e3a48">
    </UnitTestResult>
    <UnitTestResult executionId="d2305bcb-8415-4015-b4e8-feb661faf1a9" testId="9f76153e-6fb6-c12a-d005-5410b35f1b9e" testName="RotateStrike_OnScoringOddRuns_StrikeChanged" computerName="IN01LAP81144" duration="00:00:00.0010034" startTime="2019-10-25T11:05:47.5099352+05:30" endTime="2019-10-25T11:05:47.5135327+05:30" testType="13cdc9d9-ddb5-4fa4-a97d-d965ccfc6d4b" outcome="Passed" testListId="8c84fa94-04c1-424b-9868-57a2d4851a1d" relativeResultsDirectory="d2305bcb-8415-4015-b4e8-feb661faf1a9">
    </UnitTestResult>
    <UnitTestResult executionId="e06006d2-13d3-4ed0-938a-60e1bd8911b0" testId="9892a0a4-dd45-c3e8-dd9b-cab987511e46" testName="Team_LessThanTwoPlayers_CurrentPlayersWillNull" computerName="IN01LAP81144" duration="00:00:00.0004839" startTime="2019-10-25T11:05:47.5160257+05:30" endTime="2019-10-25T11:05:47.5188925+05:30" testType="13cdc9d9-ddb5-4fa4-a97d-d965ccfc6d4b" outcome="Passed" testListId="8c84fa94-04c1-424b-9868-57a2d4851a1d" relativeResultsDirectory="e06006d2-13d3-4ed0-938a-60e1bd8911b0">
    </UnitTestResult>
    <UnitTestResult executionId="d8401262-46e4-4819-9065-48aafa802398" testId="ed395f28-d3af-858e-53aa-29de5dc0fce8" testName="Team_MoreThanOrEqualToTwoPlayers_OnlyTwoPlayersWillBePlaying" computerName="IN01LAP81144" duration="00:00:00.0009683" startTime="2019-10-25T11:05:47.5252525+05:30" endTime="2019-10-25T11:05:47.5307948+05:30" testType="13cdc9d9-ddb5-4fa4-a97d-d965ccfc6d4b" outcome="Passed" testListId="8c84fa94-04c1-424b-9868-57a2d4851a1d" relativeResultsDirectory="d8401262-46e4-4819-9065-48aafa802398">
    </UnitTestResult>
    <UnitTestResult executionId="c849a703-677c-45bc-aa9d-83d19759afde" testId="d01342ed-5783-dd02-4ec5-a458951d8179" testName="UpdatePlayers_ScoredEvenRuns_StrikeNotChanged" computerName="IN01LAP81144" duration="00:00:00.0004018" startTime="2019-10-25T11:05:47.5367828+05:30" endTime="2019-10-25T11:05:47.5407686+05:30" testType="13cdc9d9-ddb5-4fa4-a97d-d965ccfc6d4b" outcome="Passed" testListId="8c84fa94-04c1-424b-9868-57a2d4851a1d" relativeResultsDirectory="c849a703-677c-45bc-aa9d-83d19759afde">
    </UnitTestResult>
    <UnitTestResult executionId="e655a5b1-d45e-48fc-92a8-a304dce76876" testId="2e20a0d7-d9e9-3a2a-ffbd-2bf77ff456f0" testName="UpdatePlayers_ScoredOddRuns_StrikeChanged" computerName="IN01LAP81144" duration="00:00:00.0002808" startTime="2019-10-25T11:05:47.5447571+05:30" endTime="2019-10-25T11:05:47.5485290+05:30" testType="13cdc9d9-ddb5-4fa4-a97d-d965ccfc6d4b" outcome="Passed" testListId="8c84fa94-04c1-424b-9868-57a2d4851a1d" relativeResultsDirectory="e655a5b1-d45e-48fc-92a8-a304dce76876">
    </UnitTestResult>
    <UnitTestResult executionId="6e70e614-9ef2-4f3f-a3a6-7a974ae7823f" testId="961717d5-1df5-571c-442e-da1c04069104" testName="UpdatePlayers_WhenOut_PlayerShouldBeRemoved" computerName="IN01LAP81144" duration="00:00:00.0015748" startTime="2019-10-25T11:05:47.5537354+05:30" endTime="2019-10-25T11:05:47.5593453+05:30" testType="13cdc9d9-ddb5-4fa4-a97d-d965ccfc6d4b" outcome="Passed" testListId="8c84fa94-04c1-424b-9868-57a2d4851a1d" relativeResultsDirectory="6e70e614-9ef2-4f3f-a3a6-7a974ae7823f">
    </UnitTestResult>
  </Results>
</TestRun>