<?xml version="1.0" encoding="UTF-8"?>
<TestRun id="8b69d95d-f989-4b9e-a4f6-edae1e2b929f" name="JHI9@IN01LAP81144 2019-10-25 11:08:00" runUser="ES-AREA1\JHI9" xmlns="http://microsoft.com/schemas/VisualStudio/TeamTest/2010">
  <TestSettings name="Default Test Settings" id="28f1c818-d544-4863-9421-592c9aae601e">
    <Execution>
      <TestTypeSpecific />
      <AgentRule name="Execution Agents">
      </AgentRule>
    </Execution>
    <Deployment runDeploymentRoot="JHI9_IN01LAP81144 2019-10-25 11_08_00" />
    <Properties />
  </TestSettings>
  <Times creation="2019-10-25T11:08:00.8755616+05:30" queuing="2019-10-25T11:08:01.5677987+05:30" start="2019-10-25T11:08:01.6668954+05:30" finish="2019-10-25T11:08:02.3784929+05:30" />
  <ResultSummary outcome="Completed">
    <Counters total="9" executed="9" passed="9" error="0" failed="0" timeout="0" aborted="0" inconclusive="0" passedButRunAborted="0" notRunnable="0" notExecuted="0" disconnected="0" warning="0" completed="0" inProgress="0" pending="0" />
  </ResultSummary>
  <TestDefinitions>
    <UnitTest name="Team_LessThanTwoPlayers_CurrentPlayersWillNull" storage="c:\users\jhi9\documents\visual studio 2015\projects\matchpredictor\matchpredictor.tests\bin\debug\matchpredictor.tests.dll" id="9892a0a4-dd45-c3e8-dd9b-cab987511e46">
      <Execution id="9688d91c-bd05-41a7-b857-db2fd59b0bd4" />
      <TestMethod codeBase="C:/Users/jhi9/Documents/Visual Studio 2015/Projects/MatchPredictor/MatchPredictor.Tests/bin/Debug/MatchPredictor.Tests.DLL" adapterTypeName="Microsoft.VisualStudio.TestTools.TestTypes.Unit.UnitTestAdapter, Microsoft.VisualStudio.QualityTools.Tips.UnitTest.Adapter, Version=14.0.0.0, Culture=neutral, PublicKeyToken=b03f5f7f11d50a3a" className="MatchPredictor.Tests.Models.TeamTests, MatchPredictor.Tests, Version=1.0.0.0, Culture=neutral, PublicKeyToken=null" name="Team_LessThanTwoPlayers_CurrentPlayersWillNull" />
    </UnitTest>
    <UnitTest name="GetBallResult_ForThePlayer_ReturnsUpdatesBallsPlayedCorrectly" storage="c:\users\jhi9\documents\visual studio 2015\projects\matchpredictor\matchpredictor.tests\bin\debug\matchpredictor.tests.dll" id="029f9857-7696-6705-07f3-2fb2151eaeda">
      <Execution id="ff27a5e7-d60c-4bc9-86fb-bccd9daf4059" />
      <TestMethod codeBase="C:/Users/jhi9/Documents/Visual Studio 2015/Projects/MatchPredictor/MatchPredictor.Tests/bin/Debug/MatchPredictor.Tests.DLL" adapterTypeName="Microsoft.VisualStudio.TestTools.TestTypes.Unit.UnitTestAdapter, Microsoft.VisualStudio.QualityTools.Tips.UnitTest.Adapter, Version=14.0.0.0, Culture=neutral, PublicKeyToken=b03f5f7f11d50a3a" className="MatchPredictor.Tests.Models.PlayerTests, MatchPredictor.Tests, Version=1.0.0.0, Culture=neutral, PublicKeyToken=null" name="GetBallResult_ForThePlayer_ReturnsUpdatesBallsPlayedCorrectly" />
    </UnitTest>
    <UnitTest name="UpdatePlayers_ScoredEvenRuns_StrikeNotChanged" storage="c:\users\jhi9\documents\visual studio 2015\projects\matchpredictor\matchpredictor.tests\bin\debug\matchpredictor.tests.dll" id="d01342ed-5783-dd02-4ec5-a458951d8179">
      <Execution id="f2d00152-f237-4afd-99d5-0f1ae8708665" />
      <TestMethod codeBase="C:/Users/jhi9/Documents/Visual Studio 2015/Projects/MatchPredictor/MatchPredictor.Tests/bin/Debug/MatchPredictor.Tests.DLL" adapterTypeName="Microsoft.VisualStudio.TestTools.TestTypes.Unit.UnitTestAdapter, Microsoft.VisualStudio.QualityTools.Tips.UnitTest.Adapter, Version=14.0.0.0, Culture=neutral, PublicKeyToken=b03f5f7f11d50a3a" className="MatchPredictor.Tests.Models.TeamTests, MatchPredictor.Tests, Version=1.0.0.0, Culture=neutral, PublicKeyToken=null" name="UpdatePlayers_ScoredEvenRuns_StrikeNotChanged" />
    </UnitTest>
    <UnitTest name="Team_MoreThanOrEqualToTwoPlayers_OnlyTwoPlayersWillBePlaying" storage="c:\users\jhi9\documents\visual studio 2015\projects\matchpredictor\matchpredictor.tests\bin\debug\matchpredictor.tests.dll" id="ed395f28-d3af-858e-53aa-29de5dc0fce8">
      <Execution id="3a836098-6ff9-417e-8ba0-38cfe2e1735d" />
      <TestMethod codeBase="C:/Users/jhi9/Documents/Visual Studio 2015/Projects/MatchPredictor/MatchPredictor.Tests/bin/Debug/MatchPredictor.Tests.DLL" adapterTypeName="Microsoft.VisualStudio.TestTools.TestTypes.Unit.UnitTestAdapter, Microsoft.VisualStudio.QualityTools.Tips.UnitTest.Adapter, Version=14.0.0.0, Culture=neutral, PublicKeyToken=b03f5f7f11d50a3a" className="MatchPredictor.Tests.Models.TeamTests, MatchPredictor.Tests, Version=1.0.0.0, Culture=neutral, PublicKeyToken=null" name="Team_MoreThanOrEqualToTwoPlayers_OnlyTwoPlayersWillBePlaying" />
    </UnitTest>
    <UnitTest name="UpdatePlayers_ScoredOddRuns_StrikeChangedTest" storage="c:\users\jhi9\documents\visual studio 2015\projects\matchpredictor\matchpredictor.tests\bin\debug\matchpredictor.tests.dll" id="dfdd65ab-caa4-177c-9e97-5246f19f7579">
      <Execution id="233263c3-e701-4a21-91b2-deb2fb16f1a7" />
      <TestMethod codeBase="C:/Users/jhi9/Documents/Visual Studio 2015/Projects/MatchPredictor/MatchPredictor.Tests/bin/Debug/MatchPredictor.Tests.DLL" adapterTypeName="Microsoft.VisualStudio.TestTools.TestTypes.Unit.UnitTestAdapter, Microsoft.VisualStudio.QualityTools.Tips.UnitTest.Adapter, Version=14.0.0.0, Culture=neutral, PublicKeyToken=b03f5f7f11d50a3a" className="MatchPredictor.Tests.Models.PlayerTests, MatchPredictor.Tests, Version=1.0.0.0, Culture=neutral, PublicKeyToken=null" name="UpdatePlayers_ScoredOddRuns_StrikeChangedTest" />
    </UnitTest>
    <UnitTest name="UpdatePlayers_ScoredOddRuns_StrikeChanged" storage="c:\users\jhi9\documents\visual studio 2015\projects\matchpredictor\matchpredictor.tests\bin\debug\matchpredictor.tests.dll" id="2e20a0d7-d9e9-3a2a-ffbd-2bf77ff456f0">
      <Execution id="33947fab-2d41-427b-84d1-535fcd86edea" />
      <TestMethod codeBase="C:/Users/jhi9/Documents/Visual Studio 2015/Projects/MatchPredictor/MatchPredictor.Tests/bin/Debug/MatchPredictor.Tests.DLL" adapterTypeName="Microsoft.VisualStudio.TestTools.TestTypes.Unit.UnitTestAdapter, Microsoft.VisualStudio.QualityTools.Tips.UnitTest.Adapter, Version=14.0.0.0, Culture=neutral, PublicKeyToken=b03f5f7f11d50a3a" className="MatchPredictor.Tests.Models.TeamTests, MatchPredictor.Tests, Version=1.0.0.0, Culture=neutral, PublicKeyToken=null" name="UpdatePlayers_ScoredOddRuns_StrikeChanged" />
    </UnitTest>
    <UnitTest name="UpdatePlayers_WhenOut_PlayerShouldBeRemoved" storage="c:\users\jhi9\documents\visual studio 2015\projects\matchpredictor\matchpredictor.tests\bin\debug\matchpredictor.tests.dll" id="961717d5-1df5-571c-442e-da1c04069104">
      <Execution id="363f2e8d-8e56-45de-9bee-492992485da9" />
      <TestMethod codeBase="C:/Users/jhi9/Documents/Visual Studio 2015/Projects/MatchPredictor/MatchPredictor.Tests/bin/Debug/MatchPredictor.Tests.DLL" adapterTypeName="Microsoft.VisualStudio.TestTools.TestTypes.Unit.UnitTestAdapter, Microsoft.VisualStudio.QualityTools.Tips.UnitTest.Adapter, Version=14.0.0.0, Culture=neutral, PublicKeyToken=b03f5f7f11d50a3a" className="MatchPredictor.Tests.Models.TeamTests, MatchPredictor.Tests, Version=1.0.0.0, Culture=neutral, PublicKeyToken=null" name="UpdatePlayers_WhenOut_PlayerShouldBeRemoved" />
    </UnitTest>
    <UnitTest name="Player_ForGivenProbability_CalculatesCummulativeSum" storage="c:\users\jhi9\documents\visual studio 2015\projects\matchpredictor\matchpredictor.tests\bin\debug\matchpredictor.tests.dll" id="7eeefa12-2ec0-8a8b-f688-017064126955">
      <Execution id="8f6fda57-c4ca-4a59-92cc-cac23701124a" />
      <TestMethod codeBase="C:/Users/jhi9/Documents/Visual Studio 2015/Projects/MatchPredictor/MatchPredictor.Tests/bin/Debug/MatchPredictor.Tests.DLL" adapterTypeName="Microsoft.VisualStudio.TestTools.TestTypes.Unit.UnitTestAdapter, Microsoft.VisualStudio.QualityTools.Tips.UnitTest.Adapter, Version=14.0.0.0, Culture=neutral, PublicKeyToken=b03f5f7f11d50a3a" className="MatchPredictor.Tests.Models.PlayerTests, MatchPredictor.Tests, Version=1.0.0.0, Culture=neutral, PublicKeyToken=null" name="Player_ForGivenProbability_CalculatesCummulativeSum" />
    </UnitTest>
    <UnitTest name="RotateStrike_OnScoringOddRuns_StrikeChanged" storage="c:\users\jhi9\documents\visual studio 2015\projects\matchpredictor\matchpredictor.tests\bin\debug\matchpredictor.tests.dll" id="9f76153e-6fb6-c12a-d005-5410b35f1b9e">
      <Execution id="402bf069-3e5c-407f-9df5-768935ffb308" />
      <TestMethod codeBase="C:/Users/jhi9/Documents/Visual Studio 2015/Projects/MatchPredictor/MatchPredictor.Tests/bin/Debug/MatchPredictor.Tests.DLL" adapterTypeName="Microsoft.VisualStudio.TestTools.TestTypes.Unit.UnitTestAdapter, Microsoft.VisualStudio.QualityTools.Tips.UnitTest.Adapter, Version=14.0.0.0, Culture=neutral, PublicKeyToken=b03f5f7f11d50a3a" className="MatchPredictor.Tests.Models.TeamTests, MatchPredictor.Tests, Version=1.0.0.0, Culture=neutral, PublicKeyToken=null" name="RotateStrike_OnScoringOddRuns_StrikeChanged" />
    </UnitTest>
  </TestDefinitions>
  <TestLists>
    <TestList name="Results Not in a List" id="8c84fa94-04c1-424b-9868-57a2d4851a1d" />
    <TestList name="All Loaded Results" id="19431567-8539-422a-85d7-44ee4e166bda" />
  </TestLists>
  <TestEntries>
    <TestEntry testId="029f9857-7696-6705-07f3-2fb2151eaeda" executionId="ff27a5e7-d60c-4bc9-86fb-bccd9daf4059" testListId="8c84fa94-04c1-424b-9868-57a2d4851a1d" />
    <TestEntry testId="7eeefa12-2ec0-8a8b-f688-017064126955" executionId="8f6fda57-c4ca-4a59-92cc-cac23701124a" testListId="8c84fa94-04c1-424b-9868-57a2d4851a1d" />
    <TestEntry testId="dfdd65ab-caa4-177c-9e97-5246f19f7579" executionId="233263c3-e701-4a21-91b2-deb2fb16f1a7" testListId="8c84fa94-04c1-424b-9868-57a2d4851a1d" />
    <TestEntry testId="9f76153e-6fb6-c12a-d005-5410b35f1b9e" executionId="402bf069-3e5c-407f-9df5-768935ffb308" testListId="8c84fa94-04c1-424b-9868-57a2d4851a1d" />
    <TestEntry testId="9892a0a4-dd45-c3e8-dd9b-cab987511e46" executionId="9688d91c-bd05-41a7-b857-db2fd59b0bd4" testListId="8c84fa94-04c1-424b-9868-57a2d4851a1d" />
    <TestEntry testId="ed395f28-d3af-858e-53aa-29de5dc0fce8" executionId="3a836098-6ff9-417e-8ba0-38cfe2e1735d" testListId="8c84fa94-04c1-424b-9868-57a2d4851a1d" />
    <TestEntry testId="d01342ed-5783-dd02-4ec5-a458951d8179" executionId="f2d00152-f237-4afd-99d5-0f1ae8708665" testListId="8c84fa94-04c1-424b-9868-57a2d4851a1d" />
    <TestEntry testId="2e20a0d7-d9e9-3a2a-ffbd-2bf77ff456f0" executionId="33947fab-2d41-427b-84d1-535fcd86edea" testListId="8c84fa94-04c1-424b-9868-57a2d4851a1d" />
    <TestEntry testId="961717d5-1df5-571c-442e-da1c04069104" executionId="363f2e8d-8e56-45de-9bee-492992485da9" testListId="8c84fa94-04c1-424b-9868-57a2d4851a1d" />
  </TestEntries>
  <Results>
    <UnitTestResult executionId="ff27a5e7-d60c-4bc9-86fb-bccd9daf4059" testId="029f9857-7696-6705-07f3-2fb2151eaeda" testName="GetBallResult_ForThePlayer_ReturnsUpdatesBallsPlayedCorrectly" computerName="IN01LAP81144" duration="00:00:00.0119790" startTime="2019-10-25T11:08:01.7006895+05:30" endTime="2019-10-25T11:08:02.2548256+05:30" testType="13cdc9d9-ddb5-4fa4-a97d-d965ccfc6d4b" outcome="Passed" testListId="8c84fa94-04c1-424b-9868-57a2d4851a1d" relativeResultsDirectory="ff27a5e7-d60c-4bc9-86fb-bccd9daf4059">
    </UnitTestResult>
    <UnitTestResult executionId="8f6fda57-c4ca-4a59-92cc-cac23701124a" testId="7eeefa12-2ec0-8a8b-f688-017064126955" testName="Player_ForGivenProbability_CalculatesCummulativeSum" computerName="IN01LAP81144" duration="00:00:00.0003056" startTime="2019-10-25T11:08:02.2578166+05:30" endTime="2019-10-25T11:08:02.2598106+05:30" testType="13cdc9d9-ddb5-4fa4-a97d-d965ccfc6d4b" outcome="Passed" testListId="8c84fa94-04c1-424b-9868-57a2d4851a1d" relativeResultsDirectory="8f6fda57-c4ca-4a59-92cc-cac23701124a">
    </UnitTestResult>
    <UnitTestResult executionId="233263c3-e701-4a21-91b2-deb2fb16f1a7" testId="dfdd65ab-caa4-177c-9e97-5246f19f7579" testName="UpdatePlayers_ScoredOddRuns_StrikeChangedTest" computerName="IN01LAP81144" duration="00:00:00.0001382" startTime="2019-10-25T11:08:02.2618067+05:30" endTime="2019-10-25T11:08:02.2638342+05:30" testType="13cdc9d9-ddb5-4fa4-a97d-d965ccfc6d4b" outcome="Passed" testListId="8c84fa94-04c1-424b-9868-57a2d4851a1d" relativeResultsDirectory="233263c3-e701-4a21-91b2-deb2fb16f1a7">
    </UnitTestResult>
    <UnitTestResult executionId="402bf069-3e5c-407f-9df5-768935ffb308" testId="9f76153e-6fb6-c12a-d005-5410b35f1b9e" testName="RotateStrike_OnScoringOddRuns_StrikeChanged" computerName="IN01LAP81144" duration="00:00:00.0007869" startTime="2019-10-25T11:08:02.2667922+05:30" endTime="2019-10-25T11:08:02.2692664+05:30" testType="13cdc9d9-ddb5-4fa4-a97d-d965ccfc6d4b" outcome="Passed" testListId="8c84fa94-04c1-424b-9868-57a2d4851a1d" relativeResultsDirectory="402bf069-3e5c-407f-9df5-768935ffb308">
    </UnitTestResult>
    <UnitTestResult executionId="9688d91c-bd05-41a7-b857-db2fd59b0bd4" testId="9892a0a4-dd45-c3e8-dd9b-cab987511e46" testName="Team_LessThanTwoPlayers_CurrentPlayersWillNull" computerName="IN01LAP81144" duration="00:00:00.0004299" startTime="2019-10-25T11:08:02.2708963+05:30" endTime="2019-10-25T11:08:02.2737739+05:30" testType="13cdc9d9-ddb5-4fa4-a97d-d965ccfc6d4b" outcome="Passed" testListId="8c84fa94-04c1-424b-9868-57a2d4851a1d" relativeResultsDirectory="9688d91c-bd05-41a7-b857-db2fd59b0bd4">
    </UnitTestResult>
    <UnitTestResult executionId="3a836098-6ff9-417e-8ba0-38cfe2e1735d" testId="ed395f28-d3af-858e-53aa-29de5dc0fce8" testName="Team_MoreThanOrEqualToTwoPlayers_OnlyTwoPlayersWillBePlaying" computerName="IN01LAP81144" duration="00:00:00.0004477" startTime="2019-10-25T11:08:02.2797596+05:30" endTime="2019-10-25T11:08:02.2827490+05:30" testType="13cdc9d9-ddb5-4fa4-a97d-d965ccfc6d4b" outcome="Passed" testListId="8c84fa94-04c1-424b-9868-57a2d4851a1d" relativeResultsDirectory="3a836098-6ff9-417e-8ba0-38cfe2e1735d">
    </UnitTestResult>
    <UnitTestResult executionId="f2d00152-f237-4afd-99d5-0f1ae8708665" testId="d01342ed-5783-dd02-4ec5-a458951d8179" testName="UpdatePlayers_ScoredEvenRuns_StrikeNotChanged" computerName="IN01LAP81144" duration="00:00:00.0003175" startTime="2019-10-25T11:08:02.2867397+05:30" endTime="2019-10-25T11:08:02.2887342+05:30" testType="13cdc9d9-ddb5-4fa4-a97d-d965ccfc6d4b" outcome="Passed" testListId="8c84fa94-04c1-424b-9868-57a2d4851a1d" relativeResultsDirectory="f2d00152-f237-4afd-99d5-0f1ae8708665">
    </UnitTestResult>
    <UnitTestResult executionId="33947fab-2d41-427b-84d1-535fcd86edea" testId="2e20a0d7-d9e9-3a2a-ffbd-2bf77ff456f0" testName="UpdatePlayers_ScoredOddRuns_StrikeChanged" computerName="IN01LAP81144" duration="00:00:00.0002273" startTime="2019-10-25T11:08:02.2947216+05:30" endTime="2019-10-25T11:08:02.2977455+05:30" testType="13cdc9d9-ddb5-4fa4-a97d-d965ccfc6d4b" outcome="Passed" testListId="8c84fa94-04c1-424b-9868-57a2d4851a1d" relativeResultsDirectory="33947fab-2d41-427b-84d1-535fcd86edea">
    </UnitTestResult>
    <UnitTestResult executionId="363f2e8d-8e56-45de-9bee-492992485da9" testId="961717d5-1df5-571c-442e-da1c04069104" testName="UpdatePlayers_WhenOut_PlayerShouldBeRemoved" computerName="IN01LAP81144" duration="00:00:00.0012481" startTime="2019-10-25T11:08:02.3046926+05:30" endTime="2019-10-25T11:08:02.3086806+05:30" testType="13cdc9d9-ddb5-4fa4-a97d-d965ccfc6d4b" outcome="Passed" testListId="8c84fa94-04c1-424b-9868-57a2d4851a1d" relativeResultsDirectory="363f2e8d-8e56-45de-9bee-492992485da9">
    </UnitTestResult>
  </Results>
</TestRun>